[debug] [2022-05-09T17:38:28.469Z] ----------------------------------------------------------------------
[debug] [2022-05-09T17:38:28.472Z] Command:       C:\Program Files\nodejs\node.exe C:\Users\hp\AppData\Roaming\npm\node_modules\firebase-tools\lib\bin\firebase.js init
[debug] [2022-05-09T17:38:28.473Z] CLI Version:   10.6.0
[debug] [2022-05-09T17:38:28.473Z] Platform:      win32
[debug] [2022-05-09T17:38:28.473Z] Node Version:  v14.17.6
[debug] [2022-05-09T17:38:28.473Z] Time:          Mon May 09 2022 23:38:28 GMT+0600 (Bangladesh Standard Time)
[debug] [2022-05-09T17:38:28.474Z] ----------------------------------------------------------------------
[debug] 
[debug] [2022-05-09T17:38:28.484Z] > command requires scopes: ["email","openid","https://www.googleapis.com/auth/cloudplatformprojects.readonly","https://www.googleapis.com/auth/firebase","https://www.googleapis.com/auth/cloud-platform"]
[debug] [2022-05-09T17:38:28.484Z] > authorizing via signed-in user (princehasan16216@gmail.com)
[info] 
     ######## #### ########  ######## ########     ###     ######  ########
     ##        ##  ##     ## ##       ##     ##  ##   ##  ##       ##
     ######    ##  ########  ######   ########  #########  ######  ######
     ##        ##  ##    ##  ##       ##     ## ##     ##       ## ##
     ##       #### ##     ## ######## ########  ##     ##  ######  ########

You're about to initialize a Firebase project in this directory:

  F:\web developing\web developing\1 course\projects\assignment-11\clint-side\warehouse-of-books

[info] 
=== Project Setup
[info] 
[info] First, let's associate this project directory with a Firebase project.
[info] You can create multiple project aliases by running firebase use --add, 
[info] but for now we'll just set up a default project.
[info] 
[debug] [2022-05-09T17:38:43.013Z] >>> [apiv2][query] GET https://firebase.googleapis.com/v1beta1/projects pageSize=100
[debug] [2022-05-09T17:38:44.062Z] <<< [apiv2][status] GET https://firebase.googleapis.com/v1beta1/projects 200
[debug] [2022-05-09T17:38:44.062Z] <<< [apiv2][body] GET https://firebase.googleapis.com/v1beta1/projects [omitted]
[info] i  Using project warehouse-of-books (warehouse-of-books) 
[info] 
=== Hosting Setup
[info] 
[info] Your public directory is the folder (relative to your project directory) that
[info] will contain Hosting assets to be uploaded with firebase deploy. If you
[info] have a build process for your assets, use your build's output directory.
[info] 
[debug] [2022-05-09T17:39:00.847Z] >>> [apiv2][query] GET https://www.gstatic.com/firebasejs/releases.json [none]
[debug] [2022-05-09T17:39:04.076Z] <<< [apiv2][status] GET https://www.gstatic.com/firebasejs/releases.json 200
[debug] [2022-05-09T17:39:04.076Z] <<< [apiv2][body] GET https://www.gstatic.com/firebasejs/releases.json {"current":{"version":"9.8.0","browserURL":"https://www.gstatic.com/firebasejs/9.8.0/firebase.js","packageURL":"https://www.gstatic.com/firebasejs/9.8.0/firebase.tgz"},"live":{"version":"9.8","browserURL":"https://www.gstatic.com/firebasejs/live/9.8/firebase.js","packageURL":"https://www.gstatic.com/firebasejs/live/9.8/firebase.tgz"},"components":{"analytics":"https://www.gstatic.com/firebasejs/9.8.0/firebase-analytics.js","app":"https://www.gstatic.com/firebasejs/9.8.0/firebase-app.js","app-check":"https://www.gstatic.com/firebasejs/9.8.0/firebase-app-check.js","auth":"https://www.gstatic.com/firebasejs/9.8.0/firebase-auth.js","auth/cordova":"https://www.gstatic.com/firebasejs/9.8.0/firebase-auth/cordova.js","auth/react-native":"https://www.gstatic.com/firebasejs/9.8.0/firebase-auth/react-native.js","functions":"https://www.gstatic.com/firebasejs/9.8.0/firebase-functions.js","firestore":"https://www.gstatic.com/firebasejs/9.8.0/firebase-firestore.js","firestore/lite":"https://www.gstatic.com/firebasejs/9.8.0/firebase-firestore/lite.js","storage":"https://www.gstatic.com/firebasejs/9.8.0/firebase-storage.js","performance":"https://www.gstatic.com/firebasejs/9.8.0/firebase-performance.js","remote-config":"https://www.gstatic.com/firebasejs/9.8.0/firebase-remote-config.js","messaging":"https://www.gstatic.com/firebasejs/9.8.0/firebase-messaging.js","messaging/sw":"https://www.gstatic.com/firebasejs/9.8.0/firebase-messaging/sw.js","database":"https://www.gstatic.com/firebasejs/9.8.0/firebase-database.js","firestore.memory":"https://www.gstatic.com/firebasejs/9.8.0/firebase-firestore.memory.js"}}
[info] i  Skipping write of build/index.html 
[info] 
[info] i  Detected a .git folder at F:\web developing\web developing\1 course\projects\assignment-11\clint-side\warehouse-of-books 
[info] i  Authorizing with GitHub to upload your service account to a GitHub repository's secrets store. 
[info] 
[info] Visit this URL on this device to log in:
[info] https://github.com/login/oauth/authorize?client_id=89cf50f02ac6aaed3484&state=131583801&redirect_uri=http%3A%2F%2Flocalhost%3A9005&scope=read%3Auser%20repo%20public_repo
[info] 
[info] Waiting for authentication...
[debug] [2022-05-09T17:39:09.374Z] >>> HTTP REQUEST POST https://github.com/login/oauth/access_token  
 {"client_id":"89cf50f02ac6aaed3484","client_secret":"3330d14abc895d9a74d5f17cd7a00711fa2c5bf0","code":"7c843ecb35a6678ba1ea","redirect_uri":"http://localhost:9005","state":"131583801"}
[debug] [2022-05-09T17:39:10.348Z] <<< HTTP RESPONSE 200 {"server":"GitHub.com","date":"Mon, 09 May 2022 17:39:09 GMT","content-type":"application/json; charset=utf-8","transfer-encoding":"chunked","vary":"X-PJAX, X-PJAX-Container, Accept-Encoding, Accept, X-Requested-With","permissions-policy":"interest-cohort=()","etag":"W/\"54c2f5f5dcf2bc5e88463b038a12e95c\"","cache-control":"max-age=0, private, must-revalidate","strict-transport-security":"max-age=31536000; includeSubdomains; preload","x-frame-options":"deny","x-content-type-options":"nosniff","x-xss-protection":"0","referrer-policy":"origin-when-cross-origin, strict-origin-when-cross-origin","expect-ct":"max-age=2592000, report-uri=\"https://api.github.com/_private/browser/errors\"","content-security-policy":"default-src 'none'; base-uri 'self'; block-all-mixed-content; child-src github.com/assets-cdn/worker/ gist.github.com/assets-cdn/worker/; connect-src 'self' uploads.github.com objects-origin.githubusercontent.com www.githubstatus.com collector.github.com raw.githubusercontent.com api.github.com github-cloud.s3.amazonaws.com github-production-repository-file-5c1aeb.s3.amazonaws.com github-production-upload-manifest-file-7fdce7.s3.amazonaws.com github-production-user-asset-6210df.s3.amazonaws.com cdn.optimizely.com logx.optimizely.com/v1/events translator.github.com *.actions.githubusercontent.com wss://*.actions.githubusercontent.com online.visualstudio.com/api/v1/locations github-production-repository-image-32fea6.s3.amazonaws.com github-production-release-asset-2e65be.s3.amazonaws.com insights.github.com wss://alive.github.com; font-src github.githubassets.com; form-action 'self' github.com gist.github.com objects-origin.githubusercontent.com; frame-ancestors 'none'; frame-src render.githubusercontent.com viewscreen.githubusercontent.com notebooks.githubusercontent.com; img-src 'self' data: github.githubassets.com identicons.github.com github-cloud.s3.amazonaws.com secured-user-images.githubusercontent.com/ *.githubusercontent.com; manifest-src 'self'; media-src github.com user-images.githubusercontent.com/; script-src github.githubassets.com; style-src 'unsafe-inline' github.githubassets.com; worker-src github.com/assets-cdn/worker/ gist.github.com/assets-cdn/worker/","x-github-request-id":"383F:343A:232916:2D8887:627951BD"}
[debug] [2022-05-09T17:39:10.385Z] >>> [apiv2][query] GET https://api.github.com/user [none]
[debug] [2022-05-09T17:39:11.120Z] <<< [apiv2][status] GET https://api.github.com/user 200
[debug] [2022-05-09T17:39:11.121Z] <<< [apiv2][body] GET https://api.github.com/user {"login":"wanna-be-pro","id":94778277,"node_id":"U_kgDOBaYzpQ","avatar_url":"https://avatars.githubusercontent.com/u/94778277?v=4","gravatar_id":"","url":"https://api.github.com/users/wanna-be-pro","html_url":"https://github.com/wanna-be-pro","followers_url":"https://api.github.com/users/wanna-be-pro/followers","following_url":"https://api.github.com/users/wanna-be-pro/following{/other_user}","gists_url":"https://api.github.com/users/wanna-be-pro/gists{/gist_id}","starred_url":"https://api.github.com/users/wanna-be-pro/starred{/owner}{/repo}","subscriptions_url":"https://api.github.com/users/wanna-be-pro/subscriptions","organizations_url":"https://api.github.com/users/wanna-be-pro/orgs","repos_url":"https://api.github.com/users/wanna-be-pro/repos","events_url":"https://api.github.com/users/wanna-be-pro/events{/privacy}","received_events_url":"https://api.github.com/users/wanna-be-pro/received_events","type":"User","site_admin":false,"name":null,"company":null,"blog":"","location":null,"email":null,"hireable":null,"bio":null,"twitter_username":null,"public_repos":17,"public_gists":0,"followers":2,"following":3,"created_at":"2021-11-21T07:31:55Z","updated_at":"2022-03-25T16:01:40Z","private_gists":0,"total_private_repos":3,"owned_private_repos":3,"disk_usage":130318,"collaborators":0,"two_factor_authentication":false,"plan":{"name":"free","space":976562499,"collaborators":0,"private_repos":10000}}
[info] 
[info] +  Success! Logged into GitHub as wanna-be-pro 
[info] 
[debug] [2022-05-09T17:40:24.303Z] >>> [apiv2][query] GET https://api.github.com/repos/https://github.com/ProgrammingHeroWC4/warehouse-management-client-side-wanna-be-pro/actions/secrets/public-key type=owner
[debug] [2022-05-09T17:40:26.489Z] <<< [apiv2][status] GET https://api.github.com/repos/https://github.com/ProgrammingHeroWC4/warehouse-management-client-side-wanna-be-pro/actions/secrets/public-key 404
[debug] [2022-05-09T17:40:26.490Z] <<< [apiv2][body] GET https://api.github.com/repos/https://github.com/ProgrammingHeroWC4/warehouse-management-client-side-wanna-be-pro/actions/secrets/public-key {"message":"Not Found","documentation_url":"https://docs.github.com/rest"}
[debug] [2022-05-09T17:40:29.269Z] >>> [apiv2][query] GET https://api.github.com/repos/https://github.com/ProgrammingHeroWC4/warehouse-management-client-side-wanna-be-pro/actions/secrets/public-key type=owner
[debug] [2022-05-09T17:40:31.750Z] <<< [apiv2][status] GET https://api.github.com/repos/https://github.com/ProgrammingHeroWC4/warehouse-management-client-side-wanna-be-pro/actions/secrets/public-key 404
[debug] [2022-05-09T17:40:31.750Z] <<< [apiv2][body] GET https://api.github.com/repos/https://github.com/ProgrammingHeroWC4/warehouse-management-client-side-wanna-be-pro/actions/secrets/public-key {"message":"Not Found","documentation_url":"https://docs.github.com/rest"}
[debug] [2022-05-09T17:40:44.127Z] ----------------------------------------------------------------------
[debug] [2022-05-09T17:40:44.130Z] Command:       C:\Program Files\nodejs\node.exe C:\Users\hp\AppData\Roaming\npm\node_modules\firebase-tools\lib\bin\firebase.js init
[debug] [2022-05-09T17:40:44.130Z] CLI Version:   10.6.0
[debug] [2022-05-09T17:40:44.130Z] Platform:      win32
[debug] [2022-05-09T17:40:44.131Z] Node Version:  v14.17.6
[debug] [2022-05-09T17:40:44.131Z] Time:          Mon May 09 2022 23:40:44 GMT+0600 (Bangladesh Standard Time)
[debug] [2022-05-09T17:40:44.131Z] ----------------------------------------------------------------------
[debug] 
[debug] [2022-05-09T17:40:44.141Z] > command requires scopes: ["email","openid","https://www.googleapis.com/auth/cloudplatformprojects.readonly","https://www.googleapis.com/auth/firebase","https://www.googleapis.com/auth/cloud-platform"]
[debug] [2022-05-09T17:40:44.142Z] > authorizing via signed-in user (princehasan16216@gmail.com)
[info] 
     ######## #### ########  ######## ########     ###     ######  ########
     ##        ##  ##     ## ##       ##     ##  ##   ##  ##       ##
     ######    ##  ########  ######   ########  #########  ######  ######
     ##        ##  ##    ##  ##       ##     ## ##     ##       ## ##
     ##       #### ##     ## ######## ########  ##     ##  ######  ########

You're about to initialize a Firebase project in this directory:

  F:\web developing\web developing\1 course\projects\assignment-11\clint-side\warehouse-of-books

[info] 
=== Project Setup
[info] 
[info] First, let's associate this project directory with a Firebase project.
[info] You can create multiple project aliases by running firebase use --add, 
[info] but for now we'll just set up a default project.
[info] 
[debug] [2022-05-09T17:40:50.626Z] >>> [apiv2][query] GET https://firebase.googleapis.com/v1beta1/projects pageSize=100
[debug] [2022-05-09T17:40:52.968Z] <<< [apiv2][status] GET https://firebase.googleapis.com/v1beta1/projects 200
[debug] [2022-05-09T17:40:52.968Z] <<< [apiv2][body] GET https://firebase.googleapis.com/v1beta1/projects [omitted]
[info] i  Using project warehouse-of-books (warehouse-of-books) 
[info] 
=== Hosting Setup
[info] 
[info] Your public directory is the folder (relative to your project directory) that
[info] will contain Hosting assets to be uploaded with firebase deploy. If you
[info] have a build process for your assets, use your build's output directory.
[info] 
[debug] [2022-05-09T17:41:11.271Z] >>> [apiv2][query] GET https://www.gstatic.com/firebasejs/releases.json [none]
[debug] [2022-05-09T17:41:11.479Z] <<< [apiv2][status] GET https://www.gstatic.com/firebasejs/releases.json 200
[debug] [2022-05-09T17:41:11.479Z] <<< [apiv2][body] GET https://www.gstatic.com/firebasejs/releases.json {"current":{"version":"9.8.0","browserURL":"https://www.gstatic.com/firebasejs/9.8.0/firebase.js","packageURL":"https://www.gstatic.com/firebasejs/9.8.0/firebase.tgz"},"live":{"version":"9.8","browserURL":"https://www.gstatic.com/firebasejs/live/9.8/firebase.js","packageURL":"https://www.gstatic.com/firebasejs/live/9.8/firebase.tgz"},"components":{"analytics":"https://www.gstatic.com/firebasejs/9.8.0/firebase-analytics.js","app":"https://www.gstatic.com/firebasejs/9.8.0/firebase-app.js","app-check":"https://www.gstatic.com/firebasejs/9.8.0/firebase-app-check.js","auth":"https://www.gstatic.com/firebasejs/9.8.0/firebase-auth.js","auth/cordova":"https://www.gstatic.com/firebasejs/9.8.0/firebase-auth/cordova.js","auth/react-native":"https://www.gstatic.com/firebasejs/9.8.0/firebase-auth/react-native.js","functions":"https://www.gstatic.com/firebasejs/9.8.0/firebase-functions.js","firestore":"https://www.gstatic.com/firebasejs/9.8.0/firebase-firestore.js","firestore/lite":"https://www.gstatic.com/firebasejs/9.8.0/firebase-firestore/lite.js","storage":"https://www.gstatic.com/firebasejs/9.8.0/firebase-storage.js","performance":"https://www.gstatic.com/firebasejs/9.8.0/firebase-performance.js","remote-config":"https://www.gstatic.com/firebasejs/9.8.0/firebase-remote-config.js","messaging":"https://www.gstatic.com/firebasejs/9.8.0/firebase-messaging.js","messaging/sw":"https://www.gstatic.com/firebasejs/9.8.0/firebase-messaging/sw.js","database":"https://www.gstatic.com/firebasejs/9.8.0/firebase-database.js","firestore.memory":"https://www.gstatic.com/firebasejs/9.8.0/firebase-firestore.memory.js"}}
[info] +  Wrote build/index.html 
[info] 
[info] i  Detected a .git folder at F:\web developing\web developing\1 course\projects\assignment-11\clint-side\warehouse-of-books 
[info] i  Authorizing with GitHub to upload your service account to a GitHub repository's secrets store. 
[info] 
[info] Visit this URL on this device to log in:
[info] https://github.com/login/oauth/authorize?client_id=89cf50f02ac6aaed3484&state=961846303&redirect_uri=http%3A%2F%2Flocalhost%3A9005&scope=read%3Auser%20repo%20public_repo
[info] 
[info] Waiting for authentication...
[debug] [2022-05-09T17:41:32.805Z] >>> HTTP REQUEST POST https://github.com/login/oauth/access_token  
 {"client_id":"89cf50f02ac6aaed3484","client_secret":"3330d14abc895d9a74d5f17cd7a00711fa2c5bf0","code":"c70864ce6d31a401f20c","redirect_uri":"http://localhost:9005","state":"961846303"}
[debug] [2022-05-09T17:41:33.866Z] <<< HTTP RESPONSE 200 {"server":"GitHub.com","date":"Mon, 09 May 2022 17:41:33 GMT","content-type":"application/json; charset=utf-8","transfer-encoding":"chunked","vary":"X-PJAX, X-PJAX-Container, Accept-Encoding, Accept, X-Requested-With","permissions-policy":"interest-cohort=()","etag":"W/\"c39ff865c528b5c04df171b897282b8f\"","cache-control":"max-age=0, private, must-revalidate","strict-transport-security":"max-age=31536000; includeSubdomains; preload","x-frame-options":"deny","x-content-type-options":"nosniff","x-xss-protection":"0","referrer-policy":"origin-when-cross-origin, strict-origin-when-cross-origin","expect-ct":"max-age=2592000, report-uri=\"https://api.github.com/_private/browser/errors\"","content-security-policy":"default-src 'none'; base-uri 'self'; block-all-mixed-content; child-src github.com/assets-cdn/worker/ gist.github.com/assets-cdn/worker/; connect-src 'self' uploads.github.com objects-origin.githubusercontent.com www.githubstatus.com collector.github.com raw.githubusercontent.com api.github.com github-cloud.s3.amazonaws.com github-production-repository-file-5c1aeb.s3.amazonaws.com github-production-upload-manifest-file-7fdce7.s3.amazonaws.com github-production-user-asset-6210df.s3.amazonaws.com cdn.optimizely.com logx.optimizely.com/v1/events translator.github.com *.actions.githubusercontent.com wss://*.actions.githubusercontent.com online.visualstudio.com/api/v1/locations github-production-repository-image-32fea6.s3.amazonaws.com github-production-release-asset-2e65be.s3.amazonaws.com insights.github.com wss://alive.github.com; font-src github.githubassets.com; form-action 'self' github.com gist.github.com objects-origin.githubusercontent.com; frame-ancestors 'none'; frame-src render.githubusercontent.com viewscreen.githubusercontent.com notebooks.githubusercontent.com; img-src 'self' data: github.githubassets.com identicons.github.com github-cloud.s3.amazonaws.com secured-user-images.githubusercontent.com/ *.githubusercontent.com; manifest-src 'self'; media-src github.com user-images.githubusercontent.com/; script-src github.githubassets.com; style-src 'unsafe-inline' github.githubassets.com; worker-src github.com/assets-cdn/worker/ gist.github.com/assets-cdn/worker/","x-github-request-id":"38BB:654F:1404AB:18C029:6279524D"}
[debug] [2022-05-09T17:41:33.889Z] >>> [apiv2][query] GET https://api.github.com/user [none]
[debug] [2022-05-09T17:41:34.475Z] <<< [apiv2][status] GET https://api.github.com/user 200
[debug] [2022-05-09T17:41:34.476Z] <<< [apiv2][body] GET https://api.github.com/user {"login":"wanna-be-pro","id":94778277,"node_id":"U_kgDOBaYzpQ","avatar_url":"https://avatars.githubusercontent.com/u/94778277?v=4","gravatar_id":"","url":"https://api.github.com/users/wanna-be-pro","html_url":"https://github.com/wanna-be-pro","followers_url":"https://api.github.com/users/wanna-be-pro/followers","following_url":"https://api.github.com/users/wanna-be-pro/following{/other_user}","gists_url":"https://api.github.com/users/wanna-be-pro/gists{/gist_id}","starred_url":"https://api.github.com/users/wanna-be-pro/starred{/owner}{/repo}","subscriptions_url":"https://api.github.com/users/wanna-be-pro/subscriptions","organizations_url":"https://api.github.com/users/wanna-be-pro/orgs","repos_url":"https://api.github.com/users/wanna-be-pro/repos","events_url":"https://api.github.com/users/wanna-be-pro/events{/privacy}","received_events_url":"https://api.github.com/users/wanna-be-pro/received_events","type":"User","site_admin":false,"name":null,"company":null,"blog":"","location":null,"email":null,"hireable":null,"bio":null,"twitter_username":null,"public_repos":17,"public_gists":0,"followers":2,"following":3,"created_at":"2021-11-21T07:31:55Z","updated_at":"2022-03-25T16:01:40Z","private_gists":0,"total_private_repos":3,"owned_private_repos":3,"disk_usage":130318,"collaborators":0,"two_factor_authentication":false,"plan":{"name":"free","space":976562499,"collaborators":0,"private_repos":10000}}
[info] 
[info] +  Success! Logged into GitHub as wanna-be-pro 
[info] 
[debug] [2022-05-09T18:09:21.252Z] Error: kill ENOSYS
    at process.kill (internal/process/per_thread.js:200:13)
    at process.listener (C:\Users\hp\AppData\Roaming\npm\node_modules\firebase-tools\node_modules\signal-exit\index.js:95:15)
    at process.emit (events.js:400:28)
[error] 
[error] Error: An unexpected error has occurred.
